<?xml version="1.0" encoding="UTF-8" ?>
<testsuite failures="1" time="4.116" errors="0" skipped="0" tests="1" name="infoq.camel.IntegrationTest">
  <properties>
    <property name="java.runtime.name" value="Java(TM) SE Runtime Environment"/>
    <property name="sun.boot.library.path" value="/System/Library/Java/JavaVirtualMachines/1.6.0.jdk/Contents/Libraries"/>
    <property name="java.vm.version" value="20.4-b02-402"/>
    <property name="awt.nativeDoubleBuffering" value="true"/>
    <property name="gopherProxySet" value="false"/>
    <property name="mrj.build" value="11D50b"/>
    <property name="java.vm.vendor" value="Apple Inc."/>
    <property name="java.vendor.url" value="http://www.apple.com/"/>
    <property name="path.separator" value=":"/>
    <property name="java.rmi.server.randomIDs" value="true"/>
    <property name="java.vm.name" value="Java HotSpot(TM) 64-Bit Server VM"/>
    <property name="file.encoding.pkg" value="sun.io"/>
    <property name="user.country" value="US"/>
    <property name="sun.java.launcher" value="SUN_STANDARD"/>
    <property name="sun.os.patch.level" value="unknown"/>
    <property name="org.apache.camel.jmx.disabled" value="true"/>
    <property name="java.vm.specification.name" value="Java Virtual Machine Specification"/>
    <property name="user.dir" value="/Users/megachucky/Dropbox/workspaces/Eclipse_InfoQ_Camel/infoq-camel"/>
    <property name="java.runtime.version" value="1.6.0_29-b11-402-11D50b"/>
    <property name="java.awt.graphicsenv" value="apple.awt.CGraphicsEnvironment"/>
    <property name="basedir" value="/Users/megachucky/Dropbox/workspaces/Eclipse_InfoQ_Camel/infoq-camel"/>
    <property name="java.endorsed.dirs" value="/System/Library/Java/JavaVirtualMachines/1.6.0.jdk/Contents/Home/lib/endorsed"/>
    <property name="os.arch" value="x86_64"/>
    <property name="surefire.real.class.path" value="/Users/megachucky/Dropbox/workspaces/Eclipse_InfoQ_Camel/infoq-camel/target/surefire/surefirebooter3647283010682357058.jar"/>
    <property name="java.io.tmpdir" value="/var/folders/y5/xq263j5j1zn1d5yxd5q884b80000gn/T/"/>
    <property name="line.separator" value="
"/>
    <property name="java.vm.specification.vendor" value="Sun Microsystems Inc."/>
    <property name="os.name" value="Mac OS X"/>
    <property name="sun.jnu.encoding" value="MacRoman"/>
    <property name="java.library.path" value=".:/Users/megachucky/Library/Java/Extensions:/Library/Java/Extensions:/System/Library/Java/Extensions:/usr/lib/java"/>
    <property name="surefire.test.class.path" value="/Users/megachucky/Dropbox/workspaces/Eclipse_InfoQ_Camel/infoq-camel/target/test-classes:/Users/megachucky/Dropbox/workspaces/Eclipse_InfoQ_Camel/infoq-camel/target/classes:/Users/megachucky/.m2/repository/org/apache/camel/camel-core/2.9.0/camel-core-2.9.0.jar:/Users/megachucky/.m2/repository/org/apache/camel/camel-test/2.9.0/camel-test-2.9.0.jar:/Users/megachucky/.m2/repository/org/apache/camel/camel-spring/2.9.0/camel-spring-2.9.0.jar:/Users/megachucky/.m2/repository/org/springframework/spring-context/3.0.6.RELEASE/spring-context-3.0.6.RELEASE.jar:/Users/megachucky/.m2/repository/org/springframework/spring-beans/3.0.6.RELEASE/spring-beans-3.0.6.RELEASE.jar:/Users/megachucky/.m2/repository/org/springframework/spring-core/3.0.6.RELEASE/spring-core-3.0.6.RELEASE.jar:/Users/megachucky/.m2/repository/commons-logging/commons-logging/1.1.1/commons-logging-1.1.1.jar:/Users/megachucky/.m2/repository/org/springframework/spring-expression/3.0.6.RELEASE/spring-expression-3.0.6.RELEASE.jar:/Users/megachucky/.m2/repository/org/springframework/spring-asm/3.0.6.RELEASE/spring-asm-3.0.6.RELEASE.jar:/Users/megachucky/.m2/repository/org/springframework/spring-aop/3.0.6.RELEASE/spring-aop-3.0.6.RELEASE.jar:/Users/megachucky/.m2/repository/aopalliance/aopalliance/1.0/aopalliance-1.0.jar:/Users/megachucky/.m2/repository/org/springframework/spring-tx/3.0.6.RELEASE/spring-tx-3.0.6.RELEASE.jar:/Users/megachucky/.m2/repository/junit/junit/4.8.1/junit-4.8.1.jar:/Users/megachucky/.m2/repository/org/apache/camel/camel-csv/2.9.0/camel-csv-2.9.0.jar:/Users/megachucky/.m2/repository/org/apache/servicemix/bundles/org.apache.servicemix.bundles.commons-csv/1.0-r706899_3/org.apache.servicemix.bundles.commons-csv-1.0-r706899_3.jar:/Users/megachucky/.m2/repository/org/slf4j/slf4j-api/1.6.1/slf4j-api-1.6.1.jar:/Users/megachucky/.m2/repository/org/slf4j/slf4j-log4j12/1.6.1/slf4j-log4j12-1.6.1.jar:/Users/megachucky/.m2/repository/log4j/log4j/1.2.16/log4j-1.2.16.jar:"/>
    <property name="java.specification.name" value="Java Platform API Specification"/>
    <property name="java.class.version" value="50.0"/>
    <property name="sun.management.compiler" value="HotSpot 64-Bit Tiered Compilers"/>
    <property name="os.version" value="10.7.3"/>
    <property name="http.nonProxyHosts" value="local|*.local|169.254/16|*.169.254/16"/>
    <property name="user.home" value="/Users/megachucky"/>
    <property name="user.timezone" value="Europe/Berlin"/>
    <property name="java.awt.printerjob" value="apple.awt.CPrinterJob"/>
    <property name="java.specification.version" value="1.6"/>
    <property name="file.encoding" value="MacRoman"/>
    <property name="user.name" value="megachucky"/>
    <property name="java.class.path" value="/Users/megachucky/Dropbox/workspaces/Eclipse_InfoQ_Camel/infoq-camel/target/test-classes:/Users/megachucky/Dropbox/workspaces/Eclipse_InfoQ_Camel/infoq-camel/target/classes:/Users/megachucky/.m2/repository/org/apache/camel/camel-core/2.9.0/camel-core-2.9.0.jar:/Users/megachucky/.m2/repository/org/apache/camel/camel-test/2.9.0/camel-test-2.9.0.jar:/Users/megachucky/.m2/repository/org/apache/camel/camel-spring/2.9.0/camel-spring-2.9.0.jar:/Users/megachucky/.m2/repository/org/springframework/spring-context/3.0.6.RELEASE/spring-context-3.0.6.RELEASE.jar:/Users/megachucky/.m2/repository/org/springframework/spring-beans/3.0.6.RELEASE/spring-beans-3.0.6.RELEASE.jar:/Users/megachucky/.m2/repository/org/springframework/spring-core/3.0.6.RELEASE/spring-core-3.0.6.RELEASE.jar:/Users/megachucky/.m2/repository/commons-logging/commons-logging/1.1.1/commons-logging-1.1.1.jar:/Users/megachucky/.m2/repository/org/springframework/spring-expression/3.0.6.RELEASE/spring-expression-3.0.6.RELEASE.jar:/Users/megachucky/.m2/repository/org/springframework/spring-asm/3.0.6.RELEASE/spring-asm-3.0.6.RELEASE.jar:/Users/megachucky/.m2/repository/org/springframework/spring-aop/3.0.6.RELEASE/spring-aop-3.0.6.RELEASE.jar:/Users/megachucky/.m2/repository/aopalliance/aopalliance/1.0/aopalliance-1.0.jar:/Users/megachucky/.m2/repository/org/springframework/spring-tx/3.0.6.RELEASE/spring-tx-3.0.6.RELEASE.jar:/Users/megachucky/.m2/repository/junit/junit/4.8.1/junit-4.8.1.jar:/Users/megachucky/.m2/repository/org/apache/camel/camel-csv/2.9.0/camel-csv-2.9.0.jar:/Users/megachucky/.m2/repository/org/apache/servicemix/bundles/org.apache.servicemix.bundles.commons-csv/1.0-r706899_3/org.apache.servicemix.bundles.commons-csv-1.0-r706899_3.jar:/Users/megachucky/.m2/repository/org/slf4j/slf4j-api/1.6.1/slf4j-api-1.6.1.jar:/Users/megachucky/.m2/repository/org/slf4j/slf4j-log4j12/1.6.1/slf4j-log4j12-1.6.1.jar:/Users/megachucky/.m2/repository/log4j/log4j/1.2.16/log4j-1.2.16.jar:"/>
    <property name="java.vm.specification.version" value="1.0"/>
    <property name="sun.arch.data.model" value="64"/>
    <property name="java.home" value="/System/Library/Java/JavaVirtualMachines/1.6.0.jdk/Contents/Home"/>
    <property name="sun.java.command" value="/Users/megachucky/Dropbox/workspaces/Eclipse_InfoQ_Camel/infoq-camel/target/surefire/surefirebooter3647283010682357058.jar /Users/megachucky/Dropbox/workspaces/Eclipse_InfoQ_Camel/infoq-camel/target/surefire/surefire2895529091095165715tmp /Users/megachucky/Dropbox/workspaces/Eclipse_InfoQ_Camel/infoq-camel/target/surefire/surefire439137010061467878tmp"/>
    <property name="java.specification.vendor" value="Sun Microsystems Inc."/>
    <property name="user.language" value="en"/>
    <property name="awt.toolkit" value="apple.awt.CToolkit"/>
    <property name="java.vm.info" value="mixed mode"/>
    <property name="java.version" value="1.6.0_29"/>
    <property name="java.ext.dirs" value="/Users/megachucky/Library/Java/Extensions:/Library/Java/Extensions:/System/Library/Java/Extensions:/System/Library/Java/JavaVirtualMachines/1.6.0.jdk/Contents/Home/lib/ext"/>
    <property name="sun.boot.class.path" value="/System/Library/Java/JavaVirtualMachines/1.6.0.jdk/Contents/Classes/jsfd.jar:/System/Library/Java/JavaVirtualMachines/1.6.0.jdk/Contents/Classes/classes.jar:/System/Library/Frameworks/JavaVM.framework/Frameworks/JavaRuntimeSupport.framework/Resources/Java/JavaRuntimeSupport.jar:/System/Library/Java/JavaVirtualMachines/1.6.0.jdk/Contents/Classes/ui.jar:/System/Library/Java/JavaVirtualMachines/1.6.0.jdk/Contents/Classes/laf.jar:/System/Library/Java/JavaVirtualMachines/1.6.0.jdk/Contents/Classes/sunrsasign.jar:/System/Library/Java/JavaVirtualMachines/1.6.0.jdk/Contents/Classes/jsse.jar:/System/Library/Java/JavaVirtualMachines/1.6.0.jdk/Contents/Classes/jce.jar:/System/Library/Java/JavaVirtualMachines/1.6.0.jdk/Contents/Classes/charsets.jar"/>
    <property name="java.vendor" value="Apple Inc."/>
    <property name="localRepository" value="/Users/megachucky/.m2/repository"/>
    <property name="file.separator" value="/"/>
    <property name="java.vendor.url.bug" value="http://bugreport.apple.com/"/>
    <property name="sun.cpu.endian" value="little"/>
    <property name="sun.io.unicode.encoding" value="UnicodeLittle"/>
    <property name="mrj.version" value="1070.1.6.0_29-402"/>
    <property name="socksNonProxyHosts" value="local|*.local|169.254/16|*.169.254/16"/>
    <property name="ftp.nonProxyHosts" value="local|*.local|169.254/16|*.169.254/16"/>
    <property name="sun.cpu.isalist" value=""/>
  </properties>
  <testcase time="3.932" classname="infoq.camel.IntegrationTest" name="testFileToFile">
    <failure message="expected:&lt;HARRY POTTER AND THE DEATHLY HOLLOWS / DVD&gt; but was:&lt;null&gt;" type="java.lang.AssertionError">java.lang.AssertionError: expected:&lt;HARRY POTTER AND THE DEATHLY HOLLOWS / DVD&gt; but was:&lt;null&gt;
	at org.junit.Assert.fail(Assert.java:91)
	at org.junit.Assert.failNotEquals(Assert.java:645)
	at org.junit.Assert.assertEquals(Assert.java:126)
	at org.junit.Assert.assertEquals(Assert.java:145)
	at infoq.camel.IntegrationTest.testFileToFile(IntegrationTest.java:52)
	at sun.reflect.NativeMethodAccessorImpl.invoke0(Native Method)
	at sun.reflect.NativeMethodAccessorImpl.invoke(NativeMethodAccessorImpl.java:39)
	at sun.reflect.DelegatingMethodAccessorImpl.invoke(DelegatingMethodAccessorImpl.java:25)
	at java.lang.reflect.Method.invoke(Method.java:597)
	at org.junit.runners.model.FrameworkMethod$1.runReflectiveCall(FrameworkMethod.java:44)
	at org.junit.internal.runners.model.ReflectiveCallable.run(ReflectiveCallable.java:15)
	at org.junit.runners.model.FrameworkMethod.invokeExplosively(FrameworkMethod.java:41)
	at org.junit.internal.runners.statements.InvokeMethod.evaluate(InvokeMethod.java:20)
	at org.junit.internal.runners.statements.RunBefores.evaluate(RunBefores.java:28)
	at org.junit.internal.runners.statements.RunAfters.evaluate(RunAfters.java:31)
	at org.junit.rules.TestWatchman$1.evaluate(TestWatchman.java:48)
	at org.junit.runners.BlockJUnit4ClassRunner.runChild(BlockJUnit4ClassRunner.java:76)
	at org.junit.runners.BlockJUnit4ClassRunner.runChild(BlockJUnit4ClassRunner.java:50)
	at org.junit.runners.ParentRunner$3.run(ParentRunner.java:193)
	at org.junit.runners.ParentRunner$1.schedule(ParentRunner.java:52)
	at org.junit.runners.ParentRunner.runChildren(ParentRunner.java:191)
	at org.junit.runners.ParentRunner.access$000(ParentRunner.java:42)
	at org.junit.runners.ParentRunner$2.evaluate(ParentRunner.java:184)
	at org.junit.internal.runners.statements.RunAfters.evaluate(RunAfters.java:31)
	at org.junit.runners.ParentRunner.run(ParentRunner.java:236)
	at org.apache.maven.surefire.junit4.JUnit4TestSet.execute(JUnit4TestSet.java:35)
	at org.apache.maven.surefire.junit4.JUnit4Provider.executeTestSet(JUnit4Provider.java:115)
	at org.apache.maven.surefire.junit4.JUnit4Provider.invoke(JUnit4Provider.java:97)
	at sun.reflect.NativeMethodAccessorImpl.invoke0(Native Method)
	at sun.reflect.NativeMethodAccessorImpl.invoke(NativeMethodAccessorImpl.java:39)
	at sun.reflect.DelegatingMethodAccessorImpl.invoke(DelegatingMethodAccessorImpl.java:25)
	at java.lang.reflect.Method.invoke(Method.java:597)
	at org.apache.maven.surefire.booter.ProviderFactory$ClassLoaderProxy.invoke(ProviderFactory.java:103)
	at $Proxy0.invoke(Unknown Source)
	at org.apache.maven.surefire.booter.SurefireStarter.invokeProvider(SurefireStarter.java:150)
	at org.apache.maven.surefire.booter.SurefireStarter.runSuitesInProcess(SurefireStarter.java:91)
	at org.apache.maven.surefire.booter.ForkedBooter.main(ForkedBooter.java:69)
</failure>
    <system-out>@HL
@HL-------------------------------------------------------
@HL T E S T S
@HL-------------------------------------------------------
@SLRunning infoq.camel.IntegrationTest
[                          main] IntegrationTest                INFO  ********************************************************************************
[                          main] IntegrationTest                INFO  Testing: testFileToFile(infoq.camel.IntegrationTest)
[                          main] IntegrationTest                INFO  ********************************************************************************
[                          main] DefaultCamelContext            INFO  Apache Camel 2.9.0 (CamelContext: camel-1) is starting
[                          main] ManagementStrategyFactory      INFO  JMX is disabled. Using DefaultManagementStrategy.
[                          main] AnnotationTypeConverterLoader  INFO  Found 3 packages with 15 @Converter classes to load
[                          main] LazyLoadingTypeConverter       INFO  Loaded 168 core type converters (total 168 type converters)
[                          main] DefaultCamelContext            INFO  Total 0 routes, of which 0 is started.
[                          main] DefaultCamelContext            INFO  Apache Camel 2.9.0 (CamelContext: camel-1) started in 0.092 seconds
[                          main] IntegrationTest                INFO  ********************************************************************************
[                          main] IntegrationTest                INFO  Testing: testFileToFile(infoq.camel.IntegrationTest)
[                          main] IntegrationTest                INFO  ********************************************************************************
[                          main] DefaultCamelContext            INFO  Apache Camel 2.9.0 (CamelContext: camel-2) is starting
[                          main] ManagementStrategyFactory      INFO  JMX is disabled. Using DefaultManagementStrategy.
[                          main] AnnotationTypeConverterLoader  INFO  Found 3 packages with 15 @Converter classes to load
[                          main] LazyLoadingTypeConverter       INFO  Loaded 168 core type converters (total 168 type converters)
[                          main] DefaultCamelContext            INFO  Total 0 routes, of which 0 is started.
[                          main] DefaultCamelContext            INFO  Apache Camel 2.9.0 (CamelContext: camel-2) started in 0.025 seconds
[                          main] LazyLoadingTypeConverter       INFO  Loaded additional 0 type converters (total 168 type converters) in 0.013 seconds
[                          main] DefaultCamelContext            INFO  Route: route1 started and consuming from: Endpoint[file://target/inbox]
Received Order: harry potter and the deathly hollows / dvd, dj Food - kaleidoscope / cd, Xzibit - hood / cd, Claus Ibsen - Camel in Action / book
[                          main] IntegrationTest                INFO  ********************************************************************************
[                          main] IntegrationTest                INFO  Testing done: testFileToFile(infoq.camel.IntegrationTest)
[                          main] IntegrationTest                INFO  Took: 3.484 seconds (3484 millis)
[                          main] IntegrationTest                INFO  ********************************************************************************
[                          main] DefaultCamelContext            INFO  Apache Camel 2.9.0 (CamelContext: camel-2) is shutting down
[                          main] DefaultShutdownStrategy        INFO  Starting to graceful shutdown 1 routes (timeout 10 seconds)
[el-2) thread #1 - ShutdownTask] DefaultShutdownStrategy        INFO  Route: route1 shutdown complete, was consuming from: Endpoint[file://target/inbox]
[                          main] DefaultShutdownStrategy        INFO  Graceful shutdown of 1 routes completed in 0 seconds
[                          main] DefaultInflightRepository      INFO  Shutting down with no inflight exchanges.
[                          main] DefaultCamelContext            INFO  Uptime: 3.518 seconds
[                          main] DefaultCamelContext            INFO  Apache Camel 2.9.0 (CamelContext: camel-2) is shutdown in 0.008 seconds
</system-out>
  </testcase>
</testsuite>